#
# There is insufficient memory for the Java Runtime Environment to continue.
# Native memory allocation (malloc) failed to allocate 925248 bytes for Chunk::new
# Possible reasons:
#   The system is out of physical RAM or swap space
#   The process is running with CompressedOops enabled, and the Java Heap may be blocking the growth of the native heap
# Possible solutions:
#   Reduce memory load on the system
#   Increase physical memory or swap space
#   Check if swap backing store is full
#   Decrease Java heap size (-Xmx/-Xms)
#   Decrease number of Java threads
#   Decrease Java thread stack sizes (-Xss)
#   Set larger code cache with -XX:ReservedCodeCacheSize=
#   JVM is running with Unscaled Compressed Oops mode in which the Java heap is
#     placed in the first 4GB address space. The Java Heap base address is the
#     maximum limit for the native heap growth. Please use -XX:HeapBaseMinAddress
#     to set the Java Heap base and to place the Java Heap above 4GB virtual address.
# This output file may be truncated or incomplete.
#
#  Out of Memory Error (allocation.cpp:389), pid=46352, tid=0x0000000000006b48
#
# JRE version: Java(TM) SE Runtime Environment (8.0_211-b12) (build 1.8.0_211-b12)
# Java VM: Java HotSpot(TM) 64-Bit Server VM (25.211-b12 mixed mode windows-amd64 compressed oops)
# Failed to write core dump. Minidumps are not enabled by default on client versions of Windows
#

---------------  T H R E A D  ---------------

Current thread (0x000000001b476000):  JavaThread "C2 CompilerThread3" daemon [_thread_in_native, id=27464, stack(0x000000001e9b0000,0x000000001eab0000)]

Stack: [0x000000001e9b0000,0x000000001eab0000]
[error occurred during error reporting (printing stack bounds), id 0xc0000005]

Native frames: (J=compiled Java code, j=interpreted, Vv=VM code, C=native code)


Current CompileTask:
C2:2918688 47189 %     4       com.android.tools.r8.ir.regalloc.LinearScanRegisterAllocator::i @ 336 (610 bytes)


---------------  P R O C E S S  ---------------

Java Threads: ( => current thread )
  0x00000000431e6000 JavaThread "WorkerExecutor Queue Thread 10" [_thread_blocked, id=37220, stack(0x000000003bcf0000,0x000000003bdf0000)]
  0x00000000431e9000 JavaThread "WorkerExecutor Queue Thread 9" [_thread_blocked, id=2148, stack(0x000000003bbf0000,0x000000003bcf0000)]
  0x00000000431e8800 JavaThread "WorkerExecutor Queue Thread 8" [_thread_blocked, id=40212, stack(0x000000003b620000,0x000000003b720000)]
  0x00000000431e7800 JavaThread "WorkerExecutor Queue Thread 7" [_thread_blocked, id=46440, stack(0x000000003b520000,0x000000003b620000)]
  0x00000000431db800 JavaThread "WorkerExecutor Queue Thread 6" [_thread_in_native, id=30056, stack(0x000000003a680000,0x000000003a780000)]
  0x00000000431de800 JavaThread "WorkerExecutor Queue Thread 5" [_thread_blocked, id=44728, stack(0x000000003a580000,0x000000003a680000)]
  0x00000000431e2800 JavaThread "stdout" [_thread_in_native, id=11280, stack(0x000000003b420000,0x000000003b520000)]
  0x00000000431db000 JavaThread "stderr" [_thread_in_native, id=24820, stack(0x000000003ac60000,0x000000003ad60000)]
  0x0000000042ea8000 JavaThread "stdout" [_thread_in_native, id=40320, stack(0x000000003a080000,0x000000003a180000)]
  0x0000000042ea9800 JavaThread "stderr" [_thread_in_native, id=45800, stack(0x0000000039f80000,0x000000003a080000)]
  0x0000000042ea6800 JavaThread "stdout" [_thread_in_native, id=34024, stack(0x0000000039e80000,0x0000000039f80000)]
  0x0000000042ea3800 JavaThread "stderr" [_thread_in_native, id=38176, stack(0x0000000039c40000,0x0000000039d40000)]
  0x0000000042ea6000 JavaThread "WorkerExecutor Queue Thread 4" [_thread_blocked, id=40880, stack(0x0000000039d80000,0x0000000039e80000)]
  0x0000000042ea5000 JavaThread "WorkerExecutor Queue Thread 3" [_thread_blocked, id=27012, stack(0x0000000039b40000,0x0000000039c40000)]
  0x0000000042ea2000 JavaThread "stdout" [_thread_in_native, id=42004, stack(0x0000000039840000,0x0000000039940000)]
  0x0000000042e9e800 JavaThread "stderr" [_thread_in_native, id=29880, stack(0x0000000039740000,0x0000000039840000)]
  0x0000000042ea0800 JavaThread "pool-12-thread-1" [_thread_blocked, id=3024, stack(0x0000000034df0000,0x0000000034ef0000)]
  0x0000000042ea0000 JavaThread "WorkerExecutor Queue Thread 2" [_thread_blocked, id=17740, stack(0x0000000034cf0000,0x0000000034df0000)]
  0x0000000042e9b800 JavaThread "WorkerExecutor Queue" [_thread_blocked, id=44372, stack(0x00000000348e0000,0x00000000349e0000)]
  0x000000001fa66000 JavaThread "Cache worker for execution history cache (C:\Users\carse\Desktop\Telii-Android\.gradle\5.6.4\executionHistory)" [_thread_blocked, id=43068, stack(0x0000000039640000,0x0000000039740000)]
  0x000000001b535000 JavaThread "Execution worker for ':' Thread 31" [_thread_in_native, id=43936, stack(0x0000000039540000,0x0000000039640000)]
  0x000000001b537000 JavaThread "Execution worker for ':' Thread 30" [_thread_in_Java, id=44160, stack(0x0000000039440000,0x0000000039540000)]
  0x000000002e080800 JavaThread "Execution worker for ':' Thread 29" [_thread_in_native, id=44092, stack(0x0000000039340000,0x0000000039440000)]
  0x000000002e07f800 JavaThread "Execution worker for ':' Thread 28" [_thread_in_Java, id=26868, stack(0x0000000039240000,0x0000000039340000)]
  0x000000002e07a000 JavaThread "Execution worker for ':' Thread 27" [_thread_in_Java, id=30980, stack(0x0000000039140000,0x0000000039240000)]
  0x000000002e072800 JavaThread "Execution worker for ':' Thread 26" [_thread_blocked, id=37580, stack(0x0000000039040000,0x0000000039140000)]
  0x000000002e075800 JavaThread "Execution worker for ':' Thread 25" [_thread_in_Java, id=14868, stack(0x0000000038c80000,0x0000000038d80000)]
  0x000000002e063800 JavaThread "Execution worker for ':' Thread 24" [_thread_blocked, id=44644, stack(0x0000000038b80000,0x0000000038c80000)]
  0x000000002e062000 JavaThread "Execution worker for ':' Thread 23" [_thread_blocked, id=30372, stack(0x0000000038a80000,0x0000000038b80000)]
  0x000000002e066800 JavaThread "Execution worker for ':' Thread 22" [_thread_blocked, id=34596, stack(0x0000000038980000,0x0000000038a80000)]
  0x000000002e068000 JavaThread "Execution worker for ':' Thread 21" [_thread_in_Java, id=13852, stack(0x0000000038880000,0x0000000038980000)]
  0x000000001ff87000 JavaThread "Execution worker for ':' Thread 20" [_thread_in_Java, id=33820, stack(0x0000000038780000,0x0000000038880000)]
  0x000000001ff86800 JavaThread "Execution worker for ':' Thread 19" [_thread_blocked, id=41876, stack(0x0000000038680000,0x0000000038780000)]
  0x000000001ff85000 JavaThread "Execution worker for ':' Thread 18" [_thread_blocked, id=13420, stack(0x0000000038580000,0x0000000038680000)]
  0x000000001ff85800 JavaThread "Execution worker for ':' Thread 17" [_thread_blocked, id=29568, stack(0x0000000038480000,0x0000000038580000)]
  0x000000001ff88800 JavaThread "Execution worker for ':' Thread 16" [_thread_blocked, id=12600, stack(0x0000000038380000,0x0000000038480000)]
  0x000000001ff88000 JavaThread "Execution worker for ':' Thread 15" [_thread_in_Java, id=43408, stack(0x0000000038280000,0x0000000038380000)]
  0x000000001ff7d800 JavaThread "Execution worker for ':' Thread 14" [_thread_blocked, id=29156, stack(0x0000000038180000,0x0000000038280000)]
  0x000000001ff84000 JavaThread "Execution worker for ':' Thread 13" [_thread_blocked, id=33432, stack(0x0000000038080000,0x0000000038180000)]
  0x000000001ff83800 JavaThread "Execution worker for ':' Thread 12" [_thread_in_native, id=44564, stack(0x0000000037f80000,0x0000000038080000)]
  0x000000003233f800 JavaThread "Execution worker for ':' Thread 11" [_thread_blocked, id=43340, stack(0x0000000037e80000,0x0000000037f80000)]
  0x0000000032340000 JavaThread "Execution worker for ':' Thread 10" [_thread_blocked, id=3528, stack(0x0000000037d80000,0x0000000037e80000)]
  0x0000000032341000 JavaThread "Execution worker for ':' Thread 9" [_thread_blocked, id=22960, stack(0x0000000037c80000,0x0000000037d80000)]
  0x000000003233c800 JavaThread "Execution worker for ':' Thread 8" [_thread_in_Java, id=19480, stack(0x0000000037b80000,0x0000000037c80000)]
  0x000000003233a000 JavaThread "Execution worker for ':' Thread 7" [_thread_in_vm, id=8568, stack(0x0000000037a80000,0x0000000037b80000)]
  0x0000000032338000 JavaThread "Execution worker for ':' Thread 6" [_thread_blocked, id=34940, stack(0x0000000037980000,0x0000000037a80000)]
  0x0000000032335000 JavaThread "Execution worker for ':' Thread 5" [_thread_blocked, id=5428, stack(0x0000000037740000,0x0000000037840000)]
  0x0000000032332800 JavaThread "Execution worker for ':' Thread 4" [_thread_blocked, id=25532, stack(0x00000000361b0000,0x00000000362b0000)]
  0x0000000032334000 JavaThread "Execution worker for ':' Thread 3" [_thread_blocked, id=42136, stack(0x00000000347e0000,0x00000000348e0000)]
  0x0000000032337000 JavaThread "Execution worker for ':' Thread 2" [_thread_blocked, id=39248, stack(0x0000000034a50000,0x0000000034b50000)]
  0x0000000032336800 JavaThread "Execution worker for ':'" [_thread_blocked, id=36448, stack(0x0000000034bf0000,0x0000000034cf0000)]
  0x0000000028147000 JavaThread "Cache worker for file content cache (C:\Users\carse\Desktop\Telii-Android\.gradle\5.6.4\fileContent)" [_thread_blocked, id=24980, stack(0x00000000344e0000,0x00000000345e0000)]
  0x0000000028148000 JavaThread "Exec process Thread 15" [_thread_blocked, id=46044, stack(0x00000000341e0000,0x00000000342e0000)]
  0x0000000028149800 JavaThread "Exec process Thread 14" [_thread_blocked, id=42028, stack(0x00000000340e0000,0x00000000341e0000)]
  0x0000000028148800 JavaThread "Exec process Thread 13" [_thread_blocked, id=18104, stack(0x0000000033fe0000,0x00000000340e0000)]
  0x0000000028144000 JavaThread "Build operations Thread 32" [_thread_blocked, id=32864, stack(0x00000000337e0000,0x00000000338e0000)]
  0x000000002813f000 JavaThread "Build operations Thread 31" [_thread_blocked, id=40052, stack(0x00000000332e0000,0x00000000333e0000)]
  0x0000000028143800 JavaThread "Build operations Thread 30" [_thread_blocked, id=23316, stack(0x00000000331e0000,0x00000000332e0000)]
  0x0000000028141000 JavaThread "Build operations Thread 29" [_thread_blocked, id=38788, stack(0x0000000031d10000,0x0000000031e10000)]
  0x0000000028140800 JavaThread "Build operations Thread 28" [_thread_blocked, id=31532, stack(0x0000000031810000,0x0000000031910000)]
  0x0000000028142800 JavaThread "Build operations Thread 27" [_thread_blocked, id=46228, stack(0x0000000030f10000,0x0000000031010000)]
  0x000000002813f800 JavaThread "Build operations Thread 26" [_thread_blocked, id=27992, stack(0x0000000030e10000,0x0000000030f10000)]
  0x000000001fa6a000 JavaThread "Build operations Thread 25" [_thread_blocked, id=46396, stack(0x000000002fae0000,0x000000002fbe0000)]
  0x000000001fa68800 JavaThread "Build operations Thread 24" [_thread_blocked, id=7108, stack(0x000000002f9e0000,0x000000002fae0000)]
  0x000000001fa67800 JavaThread "Build operations Thread 23" [_thread_blocked, id=42828, stack(0x000000002f8e0000,0x000000002f9e0000)]
  0x000000001fa69000 JavaThread "Build operations Thread 22" [_thread_blocked, id=40524, stack(0x000000002f7e0000,0x000000002f8e0000)]
  0x000000001fa65800 JavaThread "Build operations Thread 21" [_thread_blocked, id=44232, stack(0x000000002eca0000,0x000000002eda0000)]
  0x000000001fa67000 JavaThread "Build operations Thread 20" [_thread_blocked, id=1856, stack(0x000000002eba0000,0x000000002eca0000)]
  0x000000001fa64800 JavaThread "Cache worker for Build Output Cleanup Cache (C:\Users\carse\Desktop\Telii-Android\.gradle\buildOutputCleanup)" [_thread_blocked, id=45540, stack(0x000000002e6a0000,0x000000002e7a0000)]
  0x000000001fa5d000 JavaThread "Build operations Thread 19" [_thread_blocked, id=13776, stack(0x000000002e5a0000,0x000000002e6a0000)]
  0x000000001fa63800 JavaThread "Build operations Thread 18" [_thread_blocked, id=42588, stack(0x000000002d020000,0x000000002d120000)]
  0x000000001fa60800 JavaThread "Build operations Thread 17" [_thread_blocked, id=26960, stack(0x000000002cf20000,0x000000002d020000)]
  0x000000001fa60000 JavaThread "Build operations Thread 16" [_thread_blocked, id=43364, stack(0x000000002bbe0000,0x000000002bce0000)]
  0x000000001fa5c000 JavaThread "Build operations Thread 15" [_thread_blocked, id=38552, stack(0x000000002bae0000,0x000000002bbe0000)]
  0x000000001fa5b800 JavaThread "Build operations Thread 14" [_thread_blocked, id=12792, stack(0x000000002b7b0000,0x000000002b8b0000)]
  0x000000001fa5f000 JavaThread "Build operations Thread 13" [_thread_blocked, id=26800, stack(0x000000002b6b0000,0x000000002b7b0000)]
  0x0000000028681800 JavaThread "Build operations Thread 12" [_thread_blocked, id=40576, stack(0x000000002b5b0000,0x000000002b6b0000)]
  0x0000000028681000 JavaThread "Build operations Thread 11" [_thread_blocked, id=26372, stack(0x000000002b4b0000,0x000000002b5b0000)]
  0x0000000028680000 JavaThread "Build operations Thread 10" [_thread_blocked, id=15824, stack(0x000000002b3b0000,0x000000002b4b0000)]
  0x0000000028687000 JavaThread "Build operations Thread 9" [_thread_blocked, id=37292, stack(0x000000002b2b0000,0x000000002b3b0000)]
  0x000000002867f800 JavaThread "Build operations Thread 8" [_thread_blocked, id=27684, stack(0x000000002b1b0000,0x000000002b2b0000)]
  0x0000000028685800 JavaThread "Build operations Thread 7" [_thread_blocked, id=46496, stack(0x000000002b0b0000,0x000000002b1b0000)]
  0x0000000028684800 JavaThread "Build operations Thread 6" [_thread_blocked, id=42272, stack(0x000000002afb0000,0x000000002b0b0000)]
  0x0000000028684000 JavaThread "Build operations Thread 5" [_thread_blocked, id=36960, stack(0x000000002aeb0000,0x000000002afb0000)]
  0x0000000028683000 JavaThread "Build operations Thread 4" [_thread_blocked, id=45248, stack(0x000000002adb0000,0x000000002aeb0000)]
  0x0000000028678000 JavaThread "Build operations Thread 3" [_thread_blocked, id=43644, stack(0x000000002acb0000,0x000000002adb0000)]
  0x000000002867b000 JavaThread "Build operations Thread 2" [_thread_blocked, id=39884, stack(0x000000002abb0000,0x000000002acb0000)]
  0x000000002867a000 JavaThread "Cache worker for cache directory md-rule (C:\Users\carse\.gradle\caches\5.6.4\md-rule)" [_thread_blocked, id=23932, stack(0x000000002aab0000,0x000000002abb0000)]
  0x000000002867e000 JavaThread "Cache worker for cache directory md-supplier (C:\Users\carse\.gradle\caches\5.6.4\md-supplier)" [_thread_blocked, id=44956, stack(0x000000002a9b0000,0x000000002aab0000)]
  0x0000000028686000 JavaThread "Build operations" [_thread_blocked, id=34592, stack(0x00000000338e0000,0x00000000339e0000)]
  0x000000001ff7b000 JavaThread "Cache worker for file hash cache (C:\Users\carse\Desktop\Telii-Android\.gradle\5.6.4\fileHashes)" [_thread_blocked, id=10332, stack(0x00000000294e0000,0x00000000295e0000)]
  0x000000001ff82000 JavaThread "Thread-599" [_thread_blocked, id=18800, stack(0x0000000028770000,0x0000000028870000)]
  0x000000001ff7c800 JavaThread "Stdin handler" [_thread_blocked, id=28456, stack(0x00000000263d0000,0x00000000264d0000)]
  0x000000001ff7f800 JavaThread "Asynchronous log dispatcher for DefaultDaemonConnection: socket connection from /127.0.0.1:62783 to /127.0.0.1:55860" [_thread_blocked, id=40700, stack(0x00000000231d0000,0x00000000232d0000)]
  0x000000001ff80800 JavaThread "Daemon worker Thread 6" [_thread_blocked, id=26396, stack(0x0000000022ed0000,0x0000000022fd0000)]
  0x000000001ff7f000 JavaThread "Cancel handler" [_thread_blocked, id=39180, stack(0x0000000022dd0000,0x0000000022ed0000)]
  0x000000001ff7e000 JavaThread "Handler for socket connection from /127.0.0.1:62783 to /127.0.0.1:55860" [_thread_in_native, id=32452, stack(0x0000000022ad0000,0x0000000022bd0000)]
  0x000000001ff7c000 JavaThread "Daemon Thread 6" [_thread_blocked, id=43780, stack(0x00000000229d0000,0x0000000022ad0000)]
  0x000000002e067800 JavaThread "Cache worker for Java compile cache (C:\Users\carse\.gradle\caches\5.6.4\javaCompile)" [_thread_blocked, id=29648, stack(0x0000000037880000,0x0000000037980000)]
  0x000000001fa62000 JavaThread "Cache worker for file content cache (C:\Users\carse\.gradle\caches\5.6.4\fileContent)" [_thread_blocked, id=19116, stack(0x00000000293e0000,0x00000000294e0000)]
  0x000000001fa5d800 JavaThread "Memory manager" [_thread_blocked, id=23992, stack(0x00000000292e0000,0x00000000293e0000)]
  0x000000001fa61800 JavaThread "Cache worker for execution history cache (C:\Users\carse\.gradle\caches\5.6.4\executionHistory)" [_thread_blocked, id=38932, stack(0x00000000264d0000,0x00000000265d0000)]
  0x000000001b53a000 JavaThread "Cache worker for journal cache (C:\Users\carse\.gradle\caches\journal-1)" [_thread_blocked, id=42744, stack(0x00000000236d0000,0x00000000237d0000)]
  0x000000001b534000 JavaThread "File lock request listener" [_thread_in_native, id=44532, stack(0x00000000235d0000,0x00000000236d0000)]
  0x000000001b538800 JavaThread "Cache worker for file hash cache (C:\Users\carse\.gradle\caches\5.6.4\fileHashes)" [_thread_blocked, id=36456, stack(0x00000000232d0000,0x00000000233d0000)]
  0x00000000215b2800 JavaThread "Daemon periodic checks" [_thread_blocked, id=16016, stack(0x00000000228d0000,0x00000000229d0000)]
  0x00000000215a8000 JavaThread "Incoming local TCP Connector on port 62783" [_thread_in_native, id=23636, stack(0x0000000022690000,0x0000000022790000)]
  0x00000000214e9800 JavaThread "Daemon health stats" [_thread_blocked, id=22504, stack(0x0000000021f50000,0x0000000022050000)]
  0x000000001b567800 JavaThread "Service Thread" daemon [_thread_blocked, id=46804, stack(0x000000001f5b0000,0x000000001f6b0000)]
  0x000000001b539800 JavaThread "C1 CompilerThread14" daemon [_thread_blocked, id=8968, stack(0x000000001f4b0000,0x000000001f5b0000)]
  0x000000001b533800 JavaThread "C1 CompilerThread13" daemon [_thread_blocked, id=46892, stack(0x000000001f3b0000,0x000000001f4b0000)]
  0x000000001b520800 JavaThread "C1 CompilerThread12" daemon [_thread_blocked, id=40360, stack(0x000000001f2b0000,0x000000001f3b0000)]
  0x000000001b517000 JavaThread "C1 CompilerThread11" daemon [_thread_in_vm, id=24088, stack(0x000000001f1b0000,0x000000001f2b0000)]
  0x000000001b50d000 JavaThread "C1 CompilerThread10" daemon [_thread_blocked, id=26256, stack(0x000000001f0b0000,0x000000001f1b0000)]
  0x000000001b504800 JavaThread "C2 CompilerThread9" daemon [_thread_in_native, id=4132, stack(0x000000001efb0000,0x000000001f0b0000)]
  0x000000001b4fb800 JavaThread "C2 CompilerThread8" daemon [_thread_in_native, id=32532, stack(0x000000001eeb0000,0x000000001efb0000)]
  0x0000000018edc800 JavaThread "C2 CompilerThread7" daemon [_thread_in_native, id=45076, stack(0x000000001edb0000,0x000000001eeb0000)]
  0x0000000018edb800 JavaThread "C2 CompilerThread6" daemon [_thread_in_native, id=28232, stack(0x000000001ecb0000,0x000000001edb0000)]
  0x000000001b4ab000 JavaThread "C2 CompilerThread5" daemon [_thread_in_native, id=29524, stack(0x000000001ebb0000,0x000000001ecb0000)]
  0x0000000018eda000 JavaThread "C2 CompilerThread4" daemon [_thread_in_native, id=12844, stack(0x000000001eab0000,0x000000001ebb0000)]
=>0x000000001b476000 JavaThread "C2 CompilerThread3" daemon [_thread_in_native, id=27464, stack(0x000000001e9b0000,0x000000001eab0000)]
  0x000000001b473800 JavaThread "C2 CompilerThread2" daemon [_thread_in_native, id=45840, stack(0x000000001e8b0000,0x000000001e9b0000)]
  0x000000001b471800 JavaThread "C2 CompilerThread1" daemon [_thread_in_native, id=43976, stack(0x000000001e7b0000,0x000000001e8b0000)]
  0x000000001b46c800 JavaThread "C2 CompilerThread0" daemon [_thread_in_native, id=18076, stack(0x000000001e6b0000,0x000000001e7b0000)]
  0x000000001b46b000 JavaThread "Attach Listener" daemon [_thread_blocked, id=40140, stack(0x000000001e4b0000,0x000000001e5b0000)]
  0x000000001b46a000 JavaThread "Signal Dispatcher" daemon [_thread_blocked, id=21844, stack(0x000000001e3b0000,0x000000001e4b0000)]
  0x000000001b460000 JavaThread "Finalizer" daemon [_thread_blocked, id=24420, stack(0x000000001e1b0000,0x000000001e2b0000)]
  0x000000001b455800 JavaThread "Reference Handler" daemon [_thread_blocked, id=41592, stack(0x000000001e0b0000,0x000000001e1b0000)]
  0x0000000002e63800 JavaThread "main" [_thread_blocked, id=45912, stack(0x0000000002d60000,0x0000000002e60000)]

Other Threads:
  0x0000000018ec6000 VMThread [stack: 0x000000001dfb0000,0x000000001e0b0000] [id=44440]
  0x000000001b56a000 WatcherThread [stack: 0x000000001f6b0000,0x000000001f7b0000] [id=39904]

VM state:not at safepoint (normal execution)

VM Mutex/Monitor currently owned by a thread: None

heap address: 0x0000000080000000, size: 2048 MB, Compressed Oops mode: 32-bit
Narrow klass base: 0x0000000000000000, Narrow klass shift: 3
Compressed class space size: 1073741824 Address: 0x0000000100000000

Heap:
 PSYoungGen      total 650240K, used 456637K [0x00000000d5580000, 0x00000000ffd80000, 0x0000000100000000)
  eden space 603648K, 72% used [0x00000000d5580000,0x00000000efff5aa8,0x00000000fa300000)
  from space 46592K, 42% used [0x00000000fa300000,0x00000000fb67fb38,0x00000000fd080000)
  to   space 45568K, 0% used [0x00000000fd100000,0x00000000fd100000,0x00000000ffd80000)
 ParOldGen       total 1398272K, used 806913K [0x0000000080000000, 0x00000000d5580000, 0x00000000d5580000)
  object space 1398272K, 57% used [0x0000000080000000,0x00000000b1400568,0x00000000d5580000)
 Metaspace       used 168919K, capacity 183308K, committed 183768K, reserved 1206272K
  class space    used 22763K, capacity 25810K, committed 26112K, reserved 1048576K

Card table byte_map: [0x0000000012320000,0x0000000012730000] byte_map_base: 0x0000000011f20000

Marking Bits: (ParMarkBitMap*) 0x0000000073e75ce0
 Begin Bits: [0x00000000140e0000, 0x00000000160e0000)
 End Bits:   [0x00000000160e0000, 0x00000000180e0000)

Polling page: 0x0000000002aa0000

CodeCache: size=245760Kb used=132589Kb max_used=133922Kb free=113170Kb
 bounds [0x0000000002f60000, 0x000000000b380000, 0x0000000011f60000]
 total_blobs=34600 nmethods=33679 adapters=826
 compilation: enabled

Compilation events (10 events):
Event: 2918.427 Thread 0x000000001b517000 nmethod 47586 0x0000000003aee910 code [0x0000000003aeea80, 0x0000000003aeed28]
Event: 2918.486 Thread 0x000000001b50d000 47588       2       com.android.tools.r8.dex.m::c (79 bytes)
Event: 2918.487 Thread 0x000000001b50d000 nmethod 47588 0x000000000408b050 code [0x000000000408b1e0, 0x000000000408b738]
Event: 2918.505 Thread 0x000000001b520800 47589 %     3       com.android.tools.r8.ir.regalloc.LinearScanRegisterAllocator::a @ 70 (264 bytes)
Event: 2918.508 Thread 0x000000001b520800 nmethod 47589% 0x0000000003c5e410 code [0x0000000003c5e760, 0x0000000003c60658]
Event: 2918.508 Thread 0x000000001b533800 47590       3       com.android.tools.r8.ir.regalloc.LinearScanRegisterAllocator::a (264 bytes)
Event: 2918.510 Thread 0x000000001b517000 47591       3       com.android.tools.r8.dex.m::a (146 bytes)
Event: 2918.511 Thread 0x000000001b533800 nmethod 47590 0x000000000ac03810 code [0x000000000ac03b60, 0x000000000ac05898]
Event: 2918.512 Thread 0x000000001b517000 nmethod 47591 0x0000000003aed850 code [0x0000000003aeda60, 0x0000000003aee268]
Event: 2918.517 Thread 0x000000001b539800 47593       2       com.android.tools.r8.v.a.a.a.f.W0::i (136 bytes)

GC Heap History (10 events):
Event: 2916.486 GC heap before
{Heap before GC invocations=84 (full 5):
 PSYoungGen      total 638976K, used 614455K [0x00000000d5580000, 0x00000000ff900000, 0x0000000100000000)
  eden space 592384K, 100% used [0x00000000d5580000,0x00000000f9800000,0x00000000f9800000)
  from space 46592K, 47% used [0x00000000fcb80000,0x00000000fe10dd90,0x00000000ff900000)
  to   space 49664K, 0% used [0x00000000f9800000,0x00000000f9800000,0x00000000fc880000)
 ParOldGen       total 1398272K, used 701678K [0x0000000080000000, 0x00000000d5580000, 0x00000000d5580000)
  object space 1398272K, 50% used [0x0000000080000000,0x00000000aad3bae8,0x00000000d5580000)
 Metaspace       used 167898K, capacity 182114K, committed 182488K, reserved 1206272K
  class space    used 22625K, capacity 25649K, committed 25856K, reserved 1048576K
Event: 2916.564 GC heap after
Heap after GC invocations=84 (full 5):
 PSYoungGen      total 642048K, used 25108K [0x00000000d5580000, 0x00000000fff00000, 0x0000000100000000)
  eden space 592384K, 0% used [0x00000000d5580000,0x00000000d5580000,0x00000000f9800000)
  from space 49664K, 50% used [0x00000000f9800000,0x00000000fb0851f0,0x00000000fc880000)
  to   space 47616K, 0% used [0x00000000fd080000,0x00000000fd080000,0x00000000fff00000)
 ParOldGen       total 1398272K, used 717905K [0x0000000080000000, 0x00000000d5580000, 0x00000000d5580000)
  object space 1398272K, 51% used [0x0000000080000000,0x00000000abd147c8,0x00000000d5580000)
 Metaspace       used 167898K, capacity 182114K, committed 182488K, reserved 1206272K
  class space    used 22625K, capacity 25649K, committed 25856K, reserved 1048576K
}
Event: 2917.031 GC heap before
{Heap before GC invocations=85 (full 5):
 PSYoungGen      total 642048K, used 617492K [0x00000000d5580000, 0x00000000fff00000, 0x0000000100000000)
  eden space 592384K, 100% used [0x00000000d5580000,0x00000000f9800000,0x00000000f9800000)
  from space 49664K, 50% used [0x00000000f9800000,0x00000000fb0851f0,0x00000000fc880000)
  to   space 47616K, 0% used [0x00000000fd080000,0x00000000fd080000,0x00000000fff00000)
 ParOldGen       total 1398272K, used 717910K [0x0000000080000000, 0x00000000d5580000, 0x00000000d5580000)
  object space 1398272K, 51% used [0x0000000080000000,0x00000000abd158a0,0x00000000d5580000)
 Metaspace       used 168246K, capacity 182582K, committed 182872K, reserved 1206272K
  class space    used 22686K, capacity 25727K, committed 25984K, reserved 1048576K
Event: 2917.065 GC heap after
Heap after GC invocations=85 (full 5):
 PSYoungGen      total 645120K, used 19986K [0x00000000d5580000, 0x00000000ffb00000, 0x0000000100000000)
  eden space 601600K, 0% used [0x00000000d5580000,0x00000000d5580000,0x00000000fa100000)
  from space 43520K, 45% used [0x00000000fd080000,0x00000000fe404918,0x00000000ffb00000)
  to   space 46080K, 0% used [0x00000000fa100000,0x00000000fa100000,0x00000000fce00000)
 ParOldGen       total 1398272K, used 739218K [0x0000000080000000, 0x00000000d5580000, 0x00000000d5580000)
  object space 1398272K, 52% used [0x0000000080000000,0x00000000ad1e48e0,0x00000000d5580000)
 Metaspace       used 168246K, capacity 182582K, committed 182872K, reserved 1206272K
  class space    used 22686K, capacity 25727K, committed 25984K, reserved 1048576K
}
Event: 2917.454 GC heap before
{Heap before GC invocations=86 (full 5):
 PSYoungGen      total 645120K, used 621586K [0x00000000d5580000, 0x00000000ffb00000, 0x0000000100000000)
  eden space 601600K, 100% used [0x00000000d5580000,0x00000000fa100000,0x00000000fa100000)
  from space 43520K, 45% used [0x00000000fd080000,0x00000000fe404918,0x00000000ffb00000)
  to   space 46080K, 0% used [0x00000000fa100000,0x00000000fa100000,0x00000000fce00000)
 ParOldGen       total 1398272K, used 739469K [0x0000000080000000, 0x00000000d5580000, 0x00000000d5580000)
  object space 1398272K, 52% used [0x0000000080000000,0x00000000ad223680,0x00000000d5580000)
 Metaspace       used 168457K, capacity 182776K, committed 183128K, reserved 1206272K
  class space    used 22710K, capacity 25766K, committed 25984K, reserved 1048576K
Event: 2917.483 GC heap after
Heap after GC invocations=86 (full 5):
 PSYoungGen      total 647680K, used 36968K [0x00000000d5580000, 0x0000000100000000, 0x0000000100000000)
  eden space 601600K, 0% used [0x00000000d5580000,0x00000000d5580000,0x00000000fa100000)
  from space 46080K, 80% used [0x00000000fa100000,0x00000000fc51a030,0x00000000fce00000)
  to   space 48640K, 0% used [0x00000000fd080000,0x00000000fd080000,0x0000000100000000)
 ParOldGen       total 1398272K, used 755227K [0x0000000080000000, 0x00000000d5580000, 0x00000000d5580000)
  object space 1398272K, 54% used [0x0000000080000000,0x00000000ae186cd0,0x00000000d5580000)
 Metaspace       used 168457K, capacity 182776K, committed 183128K, reserved 1206272K
  class space    used 22710K, capacity 25766K, committed 25984K, reserved 1048576K
}
Event: 2917.924 GC heap before
{Heap before GC invocations=87 (full 5):
 PSYoungGen      total 647680K, used 638568K [0x00000000d5580000, 0x0000000100000000, 0x0000000100000000)
  eden space 601600K, 100% used [0x00000000d5580000,0x00000000fa100000,0x00000000fa100000)
  from space 46080K, 80% used [0x00000000fa100000,0x00000000fc51a030,0x00000000fce00000)
  to   space 48640K, 0% used [0x00000000fd080000,0x00000000fd080000,0x0000000100000000)
 ParOldGen       total 1398272K, used 755758K [0x0000000080000000, 0x00000000d5580000, 0x00000000d5580000)
  object space 1398272K, 54% used [0x0000000080000000,0x00000000ae20bb00,0x00000000d5580000)
 Metaspace       used 168471K, capacity 182840K, committed 183128K, reserved 1206272K
  class space    used 22710K, capacity 25766K, committed 25984K, reserved 1048576K
Event: 2917.959 GC heap after
Heap after GC invocations=87 (full 5):
 PSYoungGen      total 650752K, used 26105K [0x00000000d5580000, 0x00000000ffe80000, 0x0000000100000000)
  eden space 603648K, 0% used [0x00000000d5580000,0x00000000d5580000,0x00000000fa300000)
  from space 47104K, 55% used [0x00000000fd080000,0x00000000fe9fe658,0x00000000ffe80000)
  to   space 46592K, 0% used [0x00000000fa300000,0x00000000fa300000,0x00000000fd080000)
 ParOldGen       total 1398272K, used 784798K [0x0000000080000000, 0x00000000d5580000, 0x00000000d5580000)
  object space 1398272K, 56% used [0x0000000080000000,0x00000000afe678d8,0x00000000d5580000)
 Metaspace       used 168471K, capacity 182840K, committed 183128K, reserved 1206272K
  class space    used 22710K, capacity 25766K, committed 25984K, reserved 1048576K
}
Event: 2918.366 GC heap before
{Heap before GC invocations=88 (full 5):
 PSYoungGen      total 650752K, used 629753K [0x00000000d5580000, 0x00000000ffe80000, 0x0000000100000000)
  eden space 603648K, 100% used [0x00000000d5580000,0x00000000fa300000,0x00000000fa300000)
  from space 47104K, 55% used [0x00000000fd080000,0x00000000fe9fe658,0x00000000ffe80000)
  to   space 46592K, 0% used [0x00000000fa300000,0x00000000fa300000,0x00000000fd080000)
 ParOldGen       total 1398272K, used 785045K [0x0000000080000000, 0x00000000d5580000, 0x00000000d5580000)
  object space 1398272K, 56% used [0x0000000080000000,0x00000000afea5420,0x00000000d5580000)
 Metaspace       used 168875K, capacity 183244K, committed 183768K, reserved 1206272K
  class space    used 22763K, capacity 25810K, committed 26112K, reserved 1048576K
Event: 2918.399 GC heap after
Heap after GC invocations=88 (full 5):
 PSYoungGen      total 650240K, used 19966K [0x00000000d5580000, 0x00000000ffd80000, 0x0000000100000000)
  eden space 603648K, 0% used [0x00000000d5580000,0x00000000d5580000,0x00000000fa300000)
  from space 46592K, 42% used [0x00000000fa300000,0x00000000fb67fb38,0x00000000fd080000)
  to   space 45568K, 0% used [0x00000000fd100000,0x00000000fd100000,0x00000000ffd80000)
 ParOldGen       total 1398272K, used 806913K [0x0000000080000000, 0x00000000d5580000, 0x00000000d5580000)
  object space 1398272K, 57% used [0x0000000080000000,0x00000000b1400568,0x00000000d5580000)
 Metaspace       used 168875K, capacity 183244K, committed 183768K, reserved 1206272K
  class space    used 22763K, capacity 25810K, committed 26112K, reserved 1048576K
}

Deoptimization events (10 events):
Event: 2917.577 Thread 0x000000002e068000 Uncommon trap: reason=unstable_if action=reinterpret pc=0x000000000a585848 method=com.android.tools.r8.B.a.a.f.a(Lcom/android/tools/r8/B/a/a/u;Lcom/android/tools/r8/B/a/a/k;I)V @ 5315
Event: 2918.090 Thread 0x00000000431db800 Uncommon trap: reason=unstable_if action=reinterpret pc=0x00000000091fbf90 method=sun.nio.fs.WindowsPath.getRoot()Lsun/nio/fs/WindowsPath; @ 7
Event: 2918.207 Thread 0x000000002e07f800 Uncommon trap: reason=unstable_if action=reinterpret pc=0x000000000af880d8 method=com.android.tools.r8.u.b.d0.a(Lcom/android/tools/r8/u/b/d0;Lcom/android/tools/r8/ir/regalloc/d;)Z @ 321
Event: 2918.307 Thread 0x00000000431db800 Uncommon trap: reason=class_check action=maybe_recompile pc=0x0000000003e48564 method=com.google.common.collect.ImmutableMap.copyOf(Ljava/util/Map;)Lcom/google/common/collect/ImmutableMap; @ 49
Event: 2918.307 Thread 0x00000000431db800 Uncommon trap: reason=class_check action=maybe_recompile pc=0x0000000004f3e4b4 method=com.google.common.collect.Iterables.castOrCopyToCollection(Ljava/lang/Iterable;)Ljava/util/Collection; @ 1
Event: 2918.310 Thread 0x00000000431db800 Uncommon trap: reason=class_check action=maybe_recompile pc=0x0000000009fc0194 method=com.google.common.collect.ImmutableList.iterator()Ljava/util/Iterator; @ 1
Event: 2918.359 Thread 0x00000000431db800 Uncommon trap: reason=unstable_if action=reinterpret pc=0x00000000091fdf10 method=sun.nio.fs.WindowsPath.getRoot()Lsun/nio/fs/WindowsPath; @ 7
Event: 2918.401 Thread 0x00000000431db800 Uncommon trap: reason=class_check action=maybe_recompile pc=0x0000000003e48564 method=com.google.common.collect.ImmutableMap.copyOf(Ljava/util/Map;)Lcom/google/common/collect/ImmutableMap; @ 49
Event: 2918.401 Thread 0x00000000431db800 Uncommon trap: reason=class_check action=maybe_recompile pc=0x0000000004f3e4b4 method=com.google.common.collect.Iterables.castOrCopyToCollection(Ljava/lang/Iterable;)Ljava/util/Collection; @ 1
Event: 2918.401 Thread 0x00000000431db800 Uncommon trap: reason=class_check action=maybe_recompile pc=0x0000000009fc0194 method=com.google.common.collect.ImmutableList.iterator()Ljava/util/Iterator; @ 1

Classes redefined (0 events):
No events

Internal exceptions (10 events):
Event: 2917.509 Thread 0x0000000032341000 Exception <a 'sun/nio/fs/WindowsException'> (0x00000000d7903770) thrown at [C:\re\workspace\8-2-build-windows-amd64-cygwin\jdk8u211\12973\hotspot\src\share\vm\prims\jni.cpp, line 710]
Event: 2917.651 Thread 0x000000002e066800 Exception <a 'sun/nio/fs/WindowsException'> (0x00000000e034e350) thrown at [C:\re\workspace\8-2-build-windows-amd64-cygwin\jdk8u211\12973\hotspot\src\share\vm\prims\jni.cpp, line 710]
Event: 2917.774 Thread 0x000000002e07f800 Exception <a 'sun/nio/fs/WindowsException'> (0x00000000edddda88) thrown at [C:\re\workspace\8-2-build-windows-amd64-cygwin\jdk8u211\12973\hotspot\src\share\vm\prims\jni.cpp, line 710]
Event: 2917.889 Thread 0x000000001ff83800 Exception <a 'sun/nio/fs/WindowsException'> (0x00000000f47f8248) thrown at [C:\re\workspace\8-2-build-windows-amd64-cygwin\jdk8u211\12973\hotspot\src\share\vm\prims\jni.cpp, line 710]
Event: 2918.041 Thread 0x000000003233f800 Exception <a 'sun/nio/fs/WindowsException'> (0x00000000dcbf4d00) thrown at [C:\re\workspace\8-2-build-windows-amd64-cygwin\jdk8u211\12973\hotspot\src\share\vm\prims\jni.cpp, line 710]
Event: 2918.043 Thread 0x00000000431db800 Exception <a 'java/lang/NoSuchMethodError': java.lang.Object.newSystemTemporaryDirectory()Lcom/android/tools/build/apkzlib/bytestorage/TemporaryDirectory;> (0x00000000dd908ae0) thrown at [C:\re\workspace\8-2-build-windows-amd64-cygwin\jdk8u211\12973\hotsp
Event: 2918.130 Thread 0x000000001ff86800 Exception <a 'sun/nio/fs/WindowsException'> (0x00000000e55e0828) thrown at [C:\re\workspace\8-2-build-windows-amd64-cygwin\jdk8u211\12973\hotspot\src\share\vm\prims\jni.cpp, line 710]
Event: 2918.365 Thread 0x000000001ff80800 Exception <a 'sun/nio/fs/WindowsException'> (0x00000000f68909c0) thrown at [C:\re\workspace\8-2-build-windows-amd64-cygwin\jdk8u211\12973\hotspot\src\share\vm\prims\jni.cpp, line 710]
Event: 2918.411 Thread 0x000000001b535000 Exception <a 'sun/nio/fs/WindowsException'> (0x00000000d573f1b0) thrown at [C:\re\workspace\8-2-build-windows-amd64-cygwin\jdk8u211\12973\hotspot\src\share\vm\prims\jni.cpp, line 710]
Event: 2918.522 Thread 0x000000003233a000 Exception <a 'sun/nio/fs/WindowsException'> (0x00000000e0ec7050) thrown at [C:\re\workspace\8-2-build-windows-amd64-cygwin\jdk8u211\12973\hotspot\src\share\vm\prims\jni.cpp, line 710]

Events (10 events):
Event: 2918.635 Thread 0x000000001ff87000 DEOPT PACKING pc=0x000000000a79f383 sp=0x000000003887b440
Event: 2918.635 Thread 0x000000001ff87000 DEOPT UNPACKING pc=0x0000000002fa7490 sp=0x000000003887b310 mode 0
Event: 2918.650 Thread 0x000000003233c800 DEOPT PACKING pc=0x000000000a7712d0 sp=0x0000000037c7aeb0
Event: 2918.650 Thread 0x000000003233c800 DEOPT UNPACKING pc=0x0000000002fa7490 sp=0x0000000037c7ae58 mode 0
Event: 2918.659 Thread 0x000000001ff87000 DEOPT PACKING pc=0x0000000004dfe3a4 sp=0x000000003887b330
Event: 2918.659 Thread 0x000000001ff87000 DEOPT UNPACKING pc=0x0000000002fa7490 sp=0x000000003887b0f0 mode 0
Event: 2918.672 Thread 0x000000003233c800 DEOPT PACKING pc=0x000000000a787118 sp=0x0000000037c7b0f0
Event: 2918.672 Thread 0x000000003233c800 DEOPT UNPACKING pc=0x0000000002fa7490 sp=0x0000000037c7af88 mode 0
Event: 2918.673 Thread 0x000000001ff87000 DEOPT PACKING pc=0x000000000a6b9aa1 sp=0x000000003887aee0
Event: 2918.673 Thread 0x000000001ff87000 DEOPT UNPACKING pc=0x0000000002fa7490 sp=0x000000003887ad08 mode 0


Dynamic libraries:
0x00007ff7fd420000 - 0x00007ff7fd457000 	C:\Program Files\Java\jdk1.8.0_211\bin\java.exe
0x00007fff53c60000 - 0x00007fff53e50000 	C:\WINDOWS\SYSTEM32\ntdll.dll
0x00007fff529f0000 - 0x00007fff52aa2000 	C:\WINDOWS\System32\KERNEL32.DLL
0x00007fff50bf0000 - 0x00007fff50e93000 	C:\WINDOWS\System32\KERNELBASE.dll
0x00007fff53ad0000 - 0x00007fff53b73000 	C:\WINDOWS\System32\ADVAPI32.dll
0x00007fff51e40000 - 0x00007fff51ede000 	C:\WINDOWS\System32\msvcrt.dll
0x00007fff53b80000 - 0x00007fff53c17000 	C:\WINDOWS\System32\sechost.dll
0x00007fff52850000 - 0x00007fff52970000 	C:\WINDOWS\System32\RPCRT4.dll
0x00007fff52640000 - 0x00007fff527d4000 	C:\WINDOWS\System32\USER32.dll
0x00007fff51020000 - 0x00007fff51041000 	C:\WINDOWS\System32\win32u.dll
0x00007fff51fc0000 - 0x00007fff51fe6000 	C:\WINDOWS\System32\GDI32.dll
0x00007fff51ac0000 - 0x00007fff51c54000 	C:\WINDOWS\System32\gdi32full.dll
0x00007fff510d0000 - 0x00007fff5116e000 	C:\WINDOWS\System32\msvcp_win.dll
0x00007fff50ea0000 - 0x00007fff50f9a000 	C:\WINDOWS\System32\ucrtbase.dll
0x00007fff42f80000 - 0x00007fff43205000 	C:\WINDOWS\WinSxS\amd64_microsoft.windows.common-controls_6595b64144ccf1df_6.0.18362.778_none_e6c6b761130d4fb8\COMCTL32.dll
0x00007fff51ff0000 - 0x00007fff52326000 	C:\WINDOWS\System32\combase.dll
0x00007fff51050000 - 0x00007fff510d0000 	C:\WINDOWS\System32\bcryptPrimitives.dll
0x00007fff51ee0000 - 0x00007fff51f0e000 	C:\WINDOWS\System32\IMM32.DLL
0x00007fff4fc50000 - 0x00007fff4fc81000 	C:\WINDOWS\SYSTEM32\ntmarta.dll
0x00007fff50a10000 - 0x00007fff50a3f000 	C:\WINDOWS\SYSTEM32\SspiCli.dll
0x0000000073f00000 - 0x0000000073fd2000 	C:\Program Files\Java\jdk1.8.0_211\jre\bin\msvcr100.dll
0x0000000073650000 - 0x0000000073ef5000 	C:\Program Files\Java\jdk1.8.0_211\jre\bin\server\jvm.dll
0x00007fff52620000 - 0x00007fff52628000 	C:\WINDOWS\System32\PSAPI.DLL
0x00007fff4bcf0000 - 0x00007fff4bcf9000 	C:\WINDOWS\SYSTEM32\WSOCK32.dll
0x00007fff533e0000 - 0x00007fff5344f000 	C:\WINDOWS\System32\WS2_32.dll
0x00007fff4d050000 - 0x00007fff4d074000 	C:\WINDOWS\SYSTEM32\WINMM.dll
0x00007fff49fa0000 - 0x00007fff49faa000 	C:\WINDOWS\SYSTEM32\VERSION.dll
0x00007fff4d020000 - 0x00007fff4d04d000 	C:\WINDOWS\SYSTEM32\WINMMBASE.dll
0x00007fff51170000 - 0x00007fff511ba000 	C:\WINDOWS\System32\cfgmgr32.dll
0x00007fff46db0000 - 0x00007fff46dbf000 	C:\Program Files\Java\jdk1.8.0_211\jre\bin\verify.dll
0x00007fff1b1f0000 - 0x00007fff1b219000 	C:\Program Files\Java\jdk1.8.0_211\jre\bin\java.dll
0x00007fff43230000 - 0x00007fff43246000 	C:\Program Files\Java\jdk1.8.0_211\jre\bin\zip.dll
0x00007fff52b30000 - 0x00007fff53215000 	C:\WINDOWS\System32\SHELL32.dll
0x00007fff51d90000 - 0x00007fff51e39000 	C:\WINDOWS\System32\shcore.dll
0x00007fff51340000 - 0x00007fff51ac0000 	C:\WINDOWS\System32\windows.storage.dll
0x00007fff50bc0000 - 0x00007fff50be3000 	C:\WINDOWS\System32\profapi.dll
0x00007fff50b70000 - 0x00007fff50bba000 	C:\WINDOWS\System32\powrprof.dll
0x00007fff50b20000 - 0x00007fff50b30000 	C:\WINDOWS\System32\UMPDC.dll
0x00007fff53220000 - 0x00007fff53272000 	C:\WINDOWS\System32\shlwapi.dll
0x00007fff50b50000 - 0x00007fff50b61000 	C:\WINDOWS\System32\kernel.appcore.dll
0x00007fff50fa0000 - 0x00007fff50fb7000 	C:\WINDOWS\System32\cryptsp.dll
0x00007fff3fa50000 - 0x00007fff3fa6a000 	C:\Program Files\Java\jdk1.8.0_211\jre\bin\net.dll
0x00007fff32b60000 - 0x00007fff32d35000 	C:\WINDOWS\SYSTEM32\urlmon.dll
0x00007fff435b0000 - 0x00007fff43856000 	C:\WINDOWS\SYSTEM32\iertutil.dll
0x00007fff504c0000 - 0x00007fff504cc000 	C:\WINDOWS\SYSTEM32\CRYPTBASE.DLL
0x00007fff50340000 - 0x00007fff503a7000 	C:\WINDOWS\system32\mswsock.dll
0x00007fff331c0000 - 0x00007fff331d2000 	C:\Program Files\Java\jdk1.8.0_211\jre\bin\nio.dll
0x00007fff2b210000 - 0x00007fff2b236000 	C:\Users\carse\.gradle\native\30\windows-amd64\native-platform.dll
0x00007fff31cf0000 - 0x00007fff31cfd000 	C:\Program Files\Java\jdk1.8.0_211\jre\bin\management.dll
0x00007fff4fec0000 - 0x00007fff4fef3000 	C:\WINDOWS\system32\rsaenh.dll
0x00007fff511c0000 - 0x00007fff511e6000 	C:\WINDOWS\System32\bcrypt.dll
0x00007fff50a40000 - 0x00007fff50a65000 	C:\WINDOWS\SYSTEM32\USERENV.dll
0x00007fff50060000 - 0x00007fff5009a000 	C:\WINDOWS\SYSTEM32\IPHLPAPI.DLL
0x00007fff52330000 - 0x00007fff52338000 	C:\WINDOWS\System32\NSI.dll
0x00007fff4a730000 - 0x00007fff4a746000 	C:\WINDOWS\SYSTEM32\dhcpcsvc6.DLL
0x00007fff4a620000 - 0x00007fff4a63c000 	C:\WINDOWS\SYSTEM32\dhcpcsvc.DLL
0x00007fff500a0000 - 0x00007fff5016a000 	C:\WINDOWS\SYSTEM32\DNSAPI.dll

VM Arguments:
jvm_args: -Xmx2048m -Dfile.encoding=windows-1252 -Duser.country=US -Duser.language=en -Duser.variant 
java_command: org.gradle.launcher.daemon.bootstrap.GradleDaemon 5.6.4
java_class_path (initial): C:\Users\carse\.gradle\wrapper\dists\gradle-5.6.4-all\ankdp27end7byghfw1q2sw75f\gradle-5.6.4\lib\gradle-launcher-5.6.4.jar
Launcher Type: SUN_STANDARD

Environment Variables:
JAVA_HOME=C:\Program Files\Java\jdk1.8.0_211
USERNAME=carse
OS=Windows_NT
PROCESSOR_IDENTIFIER=AMD64 Family 23 Model 1 Stepping 1, AuthenticAMD



---------------  S Y S T E M  ---------------

OS: Windows 10.0 , 64 bit Build 18362 (10.0.18362.778)

CPU:total 32 (initial active 32) (32 cores per cpu, 1 threads per core) family 23 model 1 stepping 1, cmov, cx8, fxsr, mmx, sse, sse2, sse3, ssse3, sse4.1, sse4.2, popcnt, avx, avx2, aes, clmul, mmxext, 3dnowpref, lzcnt, sse4a, tsc, tscinvbit, tscinv, bmi1

Memory: 4k page, physical 67003676k(16586896k free), swap 191950360k(14928k free)

vm_info: Java HotSpot(TM) 64-Bit Server VM (25.211-b12) for windows-amd64 JRE (1.8.0_211-b12), built on Apr  1 2019 20:53:26 by "java_re" with MS VC++ 10.0 (VS2010)

time: Mon May 04 14:05:09 2020
timezone: Mountain Daylight Time
elapsed time: 2918 seconds (0d 0h 48m 38s)

